# JRE version: OpenJDK Runtime Environment (25.0+36) (build 25+36-3489)
# Java VM: OpenJDK 64-Bit Server VM (25+36-3489, mixed mode, sharing, tiered, compressed oops, compressed class ptrs, g1 gc, windows-amd64)
GC Precious Log:
 CardTable entry size: 512
 Card Set container configuration: InlinePtr #cards 5 size 8 Array Of Cards #cards 10 size 36 Howl #buckets 4 coarsen threshold 1843 Howl Bitmap #cards 512 size 80 coarsen threshold 460 Card regions per heap region 1 cards per card region 2048
 CPUs: 8 total, 8 available
 Memory: 7991M
 Large Page Support: Disabled
 NUMA Support: Disabled
 Compressed Oops: Enabled (32-bit)
 Heap Region Size: 1M
 Heap Min Capacity: 8M
 Heap Initial Capacity: 126M
 Heap Max Capacity: 1998M
 Pre-touch: Disabled
 Parallel Workers: 8
 Concurrent Workers: 2
 Concurrent Refinement Workers: 8
 Periodic GC: Disabled
Heap:
 garbage-first heap   total reserved 2045952K, committed 73728K, used 46838K [0x0000000083200000, 0x0000000100000000)
  region size 1024K, 23 young (23552K), 5 survivors (5120K)
GC Heap Usage History (14 events):
Event: 4.719 {heap Before GC invocations=0 (full 0):
 garbage-first heap   total reserved 2045952K, committed 131072K, used 54419K [0x0000000083200000, 0x0000000100000000)
  region size 1024K, 47 young (48128K), 0 survivors (0K)
}
Event: 4.743 {heap After GC invocations=1 (full 0):
 garbage-first heap   total reserved 2045952K, committed 131072K, used 12606K [0x0000000083200000, 0x0000000100000000)
  region size 1024K, 6 young (6144K), 6 survivors (6144K)
}
Event: 6.033 {heap Before GC invocations=1 (full 0):
 garbage-first heap   total reserved 2045952K, committed 131072K, used 61758K [0x0000000083200000, 0x0000000100000000)
  region size 1024K, 55 young (56320K), 6 survivors (6144K)
}
Event: 6.045 {heap After GC invocations=2 (full 0):
 garbage-first heap   total reserved 2045952K, committed 131072K, used 17842K [0x0000000083200000, 0x0000000100000000)
  region size 1024K, 5 young (5120K), 5 survivors (5120K)
}
Event: 8.610 {heap Before GC invocations=3 (full 0):
 garbage-first heap   total reserved 2045952K, committed 65536K, used 63922K [0x0000000083200000, 0x0000000100000000)
  region size 1024K, 50 young (51200K), 5 survivors (5120K)
}
Event: 8.624 {heap After GC invocations=4 (full 0):
 garbage-first heap   total reserved 2045952K, committed 73728K, used 20840K [0x0000000083200000, 0x0000000100000000)
  region size 1024K, 4 young (4096K), 4 survivors (4096K)
}
Event: 10.473 {heap Before GC invocations=4 (full 0):
 garbage-first heap   total reserved 2045952K, committed 73728K, used 51560K [0x0000000083200000, 0x0000000100000000)
  region size 1024K, 34 young (34816K), 4 survivors (4096K)
}
Event: 10.496 {heap After GC invocations=5 (full 0):
 garbage-first heap   total reserved 2045952K, committed 73728K, used 23375K [0x0000000083200000, 0x0000000100000000)
  region size 1024K, 3 young (3072K), 3 survivors (3072K)
}
Event: 11.013 {heap Before GC invocations=5 (full 0):
 garbage-first heap   total reserved 2045952K, committed 73728K, used 31567K [0x0000000083200000, 0x0000000100000000)
  region size 1024K, 12 young (12288K), 3 survivors (3072K)
}
Event: 11.021 {heap After GC invocations=6 (full 0):
 garbage-first heap   total reserved 2045952K, committed 73728K, used 23627K [0x0000000083200000, 0x0000000100000000)
  region size 1024K, 3 young (3072K), 3 survivors (3072K)
}
Event: 12.758 {heap Before GC invocations=7 (full 0):
 garbage-first heap   total reserved 2045952K, committed 73728K, used 57419K [0x0000000083200000, 0x0000000100000000)
  region size 1024K, 36 young (36864K), 3 survivors (3072K)
}
Event: 12.777 {heap After GC invocations=8 (full 0):
 garbage-first heap   total reserved 2045952K, committed 73728K, used 25960K [0x0000000083200000, 0x0000000100000000)
  region size 1024K, 3 young (3072K), 3 survivors (3072K)
}
Event: 14.048 {heap Before GC invocations=8 (full 0):
 garbage-first heap   total reserved 2045952K, committed 73728K, used 57704K [0x0000000083200000, 0x0000000100000000)
  region size 1024K, 35 young (35840K), 3 survivors (3072K)
}
Event: 14.057 {heap After GC invocations=9 (full 0):
 garbage-first heap   total reserved 2045952K, committed 73728K, used 29430K [0x0000000083200000, 0x0000000100000000)
  region size 1024K, 5 young (5120K), 5 survivors (5120K)
}

