# JRE version: OpenJDK Runtime Environment (25.0+36) (build 25+36-3489)
# Java VM: OpenJDK 64-Bit Server VM (25+36-3489, mixed mode, sharing, tiered, compressed oops, compressed class ptrs, g1 gc, windows-amd64)
GC Precious Log:
 CardTable entry size: 512
 Card Set container configuration: InlinePtr #cards 5 size 8 Array Of Cards #cards 10 size 36 Howl #buckets 4 coarsen threshold 1843 Howl Bitmap #cards 512 size 80 coarsen threshold 460 Card regions per heap region 1 cards per card region 2048
 CPUs: 8 total, 8 available
 Memory: 7991M
 Large Page Support: Disabled
 NUMA Support: Disabled
 Compressed Oops: Enabled (32-bit)
 Heap Region Size: 1M
 Heap Min Capacity: 8M
 Heap Initial Capacity: 126M
 Heap Max Capacity: 1998M
 Pre-touch: Disabled
 Parallel Workers: 8
 Concurrent Workers: 2
 Concurrent Refinement Workers: 8
 Periodic GC: Disabled
Heap:
 garbage-first heap   total reserved 2045952K, committed 73728K, used 52802K [0x0000000083200000, 0x0000000100000000)
  region size 1024K, 17 young (17408K), 3 survivors (3072K)
GC Heap Usage History (20 events):
Event: 3.674 {heap Before GC invocations=0 (full 0):
 garbage-first heap   total reserved 2045952K, committed 131072K, used 55443K [0x0000000083200000, 0x0000000100000000)
  region size 1024K, 47 young (48128K), 0 survivors (0K)
}
Event: 3.689 {heap After GC invocations=1 (full 0):
 garbage-first heap   total reserved 2045952K, committed 131072K, used 13459K [0x0000000083200000, 0x0000000100000000)
  region size 1024K, 6 young (6144K), 6 survivors (6144K)
}
Event: 4.902 {heap Before GC invocations=1 (full 0):
 garbage-first heap   total reserved 2045952K, committed 131072K, used 61587K [0x0000000083200000, 0x0000000100000000)
  region size 1024K, 54 young (55296K), 6 survivors (6144K)
}
Event: 4.923 {heap After GC invocations=2 (full 0):
 garbage-first heap   total reserved 2045952K, committed 131072K, used 19123K [0x0000000083200000, 0x0000000100000000)
  region size 1024K, 6 young (6144K), 6 survivors (6144K)
}
Event: 5.083 {heap Before GC invocations=2 (full 0):
 garbage-first heap   total reserved 2045952K, committed 131072K, used 23219K [0x0000000083200000, 0x0000000100000000)
  region size 1024K, 11 young (11264K), 6 survivors (6144K)
}
Event: 5.089 {heap After GC invocations=3 (full 0):
 garbage-first heap   total reserved 2045952K, committed 131072K, used 19522K [0x0000000083200000, 0x0000000100000000)
  region size 1024K, 1 young (1024K), 1 survivors (1024K)
}
Event: 7.575 {heap Before GC invocations=4 (full 0):
 garbage-first heap   total reserved 2045952K, committed 68608K, used 67650K [0x0000000083200000, 0x0000000100000000)
  region size 1024K, 48 young (49152K), 1 survivors (1024K)
}
Event: 7.592 {heap After GC invocations=5 (full 0):
 garbage-first heap   total reserved 2045952K, committed 73728K, used 23278K [0x0000000083200000, 0x0000000100000000)
  region size 1024K, 5 young (5120K), 5 survivors (5120K)
}
Event: 9.057 {heap Before GC invocations=5 (full 0):
 garbage-first heap   total reserved 2045952K, committed 73728K, used 56046K [0x0000000083200000, 0x0000000100000000)
  region size 1024K, 36 young (36864K), 5 survivors (5120K)
}
Event: 9.074 {heap After GC invocations=6 (full 0):
 garbage-first heap   total reserved 2045952K, committed 73728K, used 26302K [0x0000000083200000, 0x0000000100000000)
  region size 1024K, 3 young (3072K), 3 survivors (3072K)
}
Event: 10.106 {heap Before GC invocations=6 (full 0):
 garbage-first heap   total reserved 2045952K, committed 73728K, used 48830K [0x0000000083200000, 0x0000000100000000)
  region size 1024K, 26 young (26624K), 3 survivors (3072K)
}
Event: 10.117 {heap After GC invocations=7 (full 0):
 garbage-first heap   total reserved 2045952K, committed 73728K, used 27560K [0x0000000083200000, 0x0000000100000000)
  region size 1024K, 2 young (2048K), 2 survivors (2048K)
}
Event: 11.505 {heap Before GC invocations=8 (full 0):
 garbage-first heap   total reserved 2045952K, committed 73728K, used 60328K [0x0000000083200000, 0x0000000100000000)
  region size 1024K, 34 young (34816K), 2 survivors (2048K)
}
Event: 11.517 {heap After GC invocations=9 (full 0):
 garbage-first heap   total reserved 2045952K, committed 73728K, used 31216K [0x0000000083200000, 0x0000000100000000)
  region size 1024K, 5 young (5120K), 5 survivors (5120K)
}
Event: 12.501 {heap Before GC invocations=9 (full 0):
 garbage-first heap   total reserved 2045952K, committed 73728K, used 60912K [0x0000000083200000, 0x0000000100000000)
  region size 1024K, 34 young (34816K), 5 survivors (5120K)
}
Event: 12.509 {heap After GC invocations=10 (full 0):
 garbage-first heap   total reserved 2045952K, committed 73728K, used 35076K [0x0000000083200000, 0x0000000100000000)
  region size 1024K, 4 young (4096K), 4 survivors (4096K)
}
Event: 13.944 {heap Before GC invocations=10 (full 0):
 garbage-first heap   total reserved 2045952K, committed 73728K, used 62724K [0x0000000083200000, 0x0000000100000000)
  region size 1024K, 31 young (31744K), 4 survivors (4096K)
}
Event: 13.949 {heap After GC invocations=11 (full 0):
 garbage-first heap   total reserved 2045952K, committed 73728K, used 38119K [0x0000000083200000, 0x0000000100000000)
  region size 1024K, 3 young (3072K), 3 survivors (3072K)
}
Event: 16.083 {heap Before GC invocations=11 (full 0):
 garbage-first heap   total reserved 2045952K, committed 73728K, used 63719K [0x0000000083200000, 0x0000000100000000)
  region size 1024K, 28 young (28672K), 3 survivors (3072K)
}
Event: 16.089 {heap After GC invocations=12 (full 0):
 garbage-first heap   total reserved 2045952K, committed 73728K, used 40514K [0x0000000083200000, 0x0000000100000000)
  region size 1024K, 3 young (3072K), 3 survivors (3072K)
}

